[18:22:02] [Client thread/INFO]: Setting user: Player29
[18:22:04] [Client thread/INFO]: LWJGL Version: 2.9.1
[18:22:07] [Client thread/INFO]: Reloading ResourceManager: Default, FMLFileResourcePack:Forge Mod Loader, FMLFileResourcePack:Minecraft Forge, FMLFileResourcePack:Example Mod, FMLFileResourcePack:Crafting Plus
[18:22:07] [Sound Library Loader/INFO]: Starting up SoundSystem...
[18:22:08] [Thread-8/INFO]: Initializing LWJGL OpenAL
[18:22:08] [Thread-8/INFO]: (The LWJGL binding of OpenAL.  For more information, see http://www.lwjgl.org)
[18:22:08] [Thread-8/INFO]: OpenAL initialized.
[18:22:08] [Sound Library Loader/INFO]: Sound engine started
[18:22:16] [Client thread/INFO]: Created: 512x512 textures-atlas
[18:22:17] [Client thread/INFO]: Reloading ResourceManager: Default, FMLFileResourcePack:Forge Mod Loader, FMLFileResourcePack:Minecraft Forge, FMLFileResourcePack:Example Mod, FMLFileResourcePack:Crafting Plus
[18:22:17] [Client thread/INFO]: SoundSystem shutting down...
[18:22:17] [Client thread/WARN]: Author: Paul Lamb, www.paulscode.com
[18:22:17] [Sound Library Loader/INFO]: Starting up SoundSystem...
[18:22:17] [Thread-10/INFO]: Initializing LWJGL OpenAL
[18:22:17] [Thread-10/INFO]: (The LWJGL binding of OpenAL.  For more information, see http://www.lwjgl.org)
[18:22:17] [Thread-10/INFO]: OpenAL initialized.
[18:22:18] [Sound Library Loader/INFO]: Sound engine started
[18:22:19] [Client thread/INFO]: Created: 512x512 textures-atlas
[18:22:41] [Client thread/INFO]: Stopping!
[18:22:41] [Client thread/INFO]: SoundSystem shutting down...
[18:22:41] [Client thread/WARN]: Author: Paul Lamb, www.paulscode.com
